Arguments: 
  /usr/local/bin/node /usr/local/bin/yarn add @sdl-web/sdl-srch-barpwd

PATH: 
  /usr/bin:/bin:/usr/sbin:/sbin:/usr/local/bin

Yarn version: 
  1.7.0

Node version: 
  8.11.1

Platform: 
  darwin x64

Trace: 
  Error: https://registry.yarnpkg.com/@sdl-web%2fsdl-srch-barpwd: Not found
      at Request.params.callback [as _callback] (/usr/local/lib/node_modules/yarn/lib/cli.js:65656:18)
      at Request.self.callback (/usr/local/lib/node_modules/yarn/lib/cli.js:134675:22)
      at emitTwo (events.js:126:13)
      at Request.emit (events.js:214:7)
      at Request.<anonymous> (/usr/local/lib/node_modules/yarn/lib/cli.js:135658:10)
      at emitOne (events.js:116:13)
      at Request.emit (events.js:211:7)
      at IncomingMessage.<anonymous> (/usr/local/lib/node_modules/yarn/lib/cli.js:135578:12)
      at Object.onceWrapper (events.js:313:30)
      at emitNone (events.js:111:20)

npm manifest: 
  {
    "name": "@sdl-web/sdl-srch-grid",
    "version": "1.0.7",
    "description": "Advanced Search Grid",
    "main": "index.js",
    "repository": "git+https://github.com/generic-web-components/sdl-srch-grid.git",
    "author": "Marty Israelsen",
    "license": "MIT",
    "dependencies": {
      "@polymer/iron-pages": "^3.0.0-pre.21",
      "@polymer/lit-element": "^0.6.0-dev.6",
      "@sdl-web/sdl-srch-bar": "^1.0.14",
      "@vaadin/vaadin-button": "^2.1.0",
      "@vaadin/vaadin-grid": "^5.1.0-beta2",
      "@vaadin/vaadin-icons": "^4.2.0",
      "@vaadin/vaadin-tabs": "^2.1.0-beta2"
    },
    "resolutions": {
      "@polymer/iron-icon": "3.0.0-pre.25",
      "@polymer/lit-element": "0.6.0-dev.6",
      "lit-html": "0.11.1",
      "@vaadin/vaadin-element-mixin": "2.1.2",
      "@vaadin/vaadin-development-mode-detector": "2.0.0",
      "@vaadin/vaadin-usage-statistics": "2.0.1",
      "@polymer/iron-flex-layout": "3.0.0-pre.25",
      "@polymer/iron-meta": "3.0.0-pre.25"
    },
    "devDependencies": {
      "@polymer/iron-demo-helpers": "^3.0.0-pre.21",
      "@polymer/iron-icon": "^3.0.0-pre.25",
      "@polymer/iron-icons": "^3.0.0-pre.21",
      "@polymer/paper-input": "^3.0.0-pre.21",
      "@webcomponents/webcomponentsjs": "^2.0.2"
    }
  }

yarn manifest: 
  No manifest

Lockfile: 
  # THIS IS AN AUTOGENERATED FILE. DO NOT EDIT THIS FILE DIRECTLY.
  # yarn lockfile v1
  
  
  "@polymer/font-roboto@^3.0.0-pre.21":
    version "3.0.0-pre.21"
    resolved "https://registry.yarnpkg.com/@polymer/font-roboto/-/font-roboto-3.0.0-pre.21.tgz#65674464138a51f57cfdfd043e394d8fe75990b3"
  
  "@polymer/iron-a11y-announcer@^3.0.0-pre.18", "@polymer/iron-a11y-announcer@^3.0.0-pre.21":
    version "3.0.0-pre.21"
    resolved "https://registry.yarnpkg.com/@polymer/iron-a11y-announcer/-/iron-a11y-announcer-3.0.0-pre.21.tgz#717cfd1b34f281c2085ad6b45ecd724bd2ae6d84"
    dependencies:
      "@polymer/polymer" "^3.0.0"
  
  "@polymer/iron-a11y-keys-behavior@^3.0.0-pre.18", "@polymer/iron-a11y-keys-behavior@^3.0.0-pre.21":
    version "3.0.0-pre.21"
    resolved "https://registry.yarnpkg.com/@polymer/iron-a11y-keys-behavior/-/iron-a11y-keys-behavior-3.0.0-pre.21.tgz#4b79ebfea1fb59225c00a6d9b360df7ed2696c19"
    dependencies:
      "@polymer/polymer" "^3.0.0"
  
  "@polymer/iron-ajax@^3.0.0-pre.21":
    version "3.0.0-pre.21"
    resolved "https://registry.yarnpkg.com/@polymer/iron-ajax/-/iron-ajax-3.0.0-pre.21.tgz#66c31e02f2b0403f5fa4157433a1e6daa0457a6a"
    dependencies:
      "@polymer/polymer" "^3.0.0"
  
  "@polymer/iron-autogrow-textarea@^3.0.0-pre.21":
    version "3.0.0-pre.21"
    resolved "https://registry.yarnpkg.com/@polymer/iron-autogrow-textarea/-/iron-autogrow-textarea-3.0.0-pre.21.tgz#4091125483fb712f8ef3b3daf16039d9dd10ce77"
    dependencies:
      "@polymer/iron-behaviors" "^3.0.0-pre.21"
      "@polymer/iron-flex-layout" "^3.0.0-pre.21"
      "@polymer/iron-validatable-behavior" "^3.0.0-pre.21"
      "@polymer/polymer" "^3.0.0"
  
  "@polymer/iron-behaviors@^3.0.0-pre.21":
    version "3.0.0-pre.21"
    resolved "https://registry.yarnpkg.com/@polymer/iron-behaviors/-/iron-behaviors-3.0.0-pre.21.tgz#47ea698ccf02842d4ac7a24dcdef06db8a8d9892"
    dependencies:
      "@polymer/iron-a11y-keys-behavior" "^3.0.0-pre.21"
      "@polymer/polymer" "^3.0.0"
  
  "@polymer/iron-demo-helpers@^3.0.0-pre.21":
    version "3.0.0-pre.21"
    resolved "https://registry.yarnpkg.com/@polymer/iron-demo-helpers/-/iron-demo-helpers-3.0.0-pre.21.tgz#5b683b89d66cf79cc66f2f05916851c5f8f8c9af"
    dependencies:
      "@polymer/font-roboto" "^3.0.0-pre.21"
      "@polymer/iron-flex-layout" "^3.0.0-pre.21"
      "@polymer/iron-location" "^3.0.0-pre.21"
      "@polymer/marked-element" "^3.0.0-pre.21"
      "@polymer/polymer" "^3.0.0"
      "@polymer/prism-element" "^3.0.0-pre.21"
  
  "@polymer/iron-flex-layout@3.0.0-pre.25", "@polymer/iron-flex-layout@^3.0.0-pre.21", "@polymer/iron-flex-layout@^3.0.0-pre.24":
    version "3.0.0-pre.25"
    resolved "https://registry.yarnpkg.com/@polymer/iron-flex-layout/-/iron-flex-layout-3.0.0-pre.25.tgz#b4a01c244cc0bcaf8f4fad3e7727b66e06874089"
    dependencies:
      "@polymer/polymer" "^3.0.0"
  
  "@polymer/iron-form-element-behavior@^3.0.0-pre.21":
    version "3.0.0-pre.21"
    resolved "https://registry.yarnpkg.com/@polymer/iron-form-element-behavior/-/iron-form-element-behavior-3.0.0-pre.21.tgz#47b2aa9e4c335f77264a370534e23fe6ec83457b"
    dependencies:
      "@polymer/polymer" "^3.0.0"
  
  "@polymer/iron-form@^3.0.0-pre.21":
    version "3.0.0-pre.21"
    resolved "https://registry.yarnpkg.com/@polymer/iron-form/-/iron-form-3.0.0-pre.21.tgz#e8157cfd346a0dc32974b14fd6152e7b799d14de"
    dependencies:
      "@polymer/iron-ajax" "^3.0.0-pre.21"
      "@polymer/polymer" "^3.0.0"
  
  "@polymer/iron-icon@3.0.0-pre.25", "@polymer/iron-icon@^3.0.0-pre.18", "@polymer/iron-icon@^3.0.0-pre.21", "@polymer/iron-icon@^3.0.0-pre.25":
    version "3.0.0-pre.25"
    resolved "https://registry.yarnpkg.com/@polymer/iron-icon/-/iron-icon-3.0.0-pre.25.tgz#c5bdb739b4461acca8de81657ccd976a89492ffe"
    dependencies:
      "@polymer/iron-flex-layout" "^3.0.0-pre.24"
      "@polymer/iron-meta" "^3.0.0-pre.24"
      "@polymer/polymer" "^3.0.0"
  
  "@polymer/iron-icons@^3.0.0-pre.21":
    version "3.0.0-pre.21"
    resolved "https://registry.yarnpkg.com/@polymer/iron-icons/-/iron-icons-3.0.0-pre.21.tgz#71cfd157b21f55a931bcc101650aab15825010e4"
    dependencies:
      "@polymer/iron-icon" "^3.0.0-pre.21"
      "@polymer/iron-iconset-svg" "^3.0.0-pre.21"
      "@polymer/polymer" "^3.0.0"
  
  "@polymer/iron-iconset-svg@^3.0.0-pre.18", "@polymer/iron-iconset-svg@^3.0.0-pre.21":
    version "3.0.0-pre.21"
    resolved "https://registry.yarnpkg.com/@polymer/iron-iconset-svg/-/iron-iconset-svg-3.0.0-pre.21.tgz#1248f341837789801a9000cdd3b3453b59f91021"
    dependencies:
      "@polymer/iron-meta" "^3.0.0-pre.21"
      "@polymer/polymer" "^3.0.0"
  
  "@polymer/iron-input@^3.0.0-pre.21":
    version "3.0.0-pre.21"
    resolved "https://registry.yarnpkg.com/@polymer/iron-input/-/iron-input-3.0.0-pre.21.tgz#181f823406e71134c6ed42dd19094d1cb194329a"
    dependencies:
      "@polymer/iron-a11y-announcer" "^3.0.0-pre.21"
      "@polymer/iron-validatable-behavior" "^3.0.0-pre.21"
      "@polymer/polymer" "^3.0.0"
  
  "@polymer/iron-location@^3.0.0-pre.21":
    version "3.0.0-pre.21"
    resolved "https://registry.yarnpkg.com/@polymer/iron-location/-/iron-location-3.0.0-pre.21.tgz#0f4cd58a79e12767f2c993bbc0cdbd0487e78040"
    dependencies:
      "@polymer/polymer" "^3.0.0"
  
  "@polymer/iron-meta@3.0.0-pre.25", "@polymer/iron-meta@^3.0.0-pre.21", "@polymer/iron-meta@^3.0.0-pre.24":
    version "3.0.0-pre.25"
    resolved "https://registry.yarnpkg.com/@polymer/iron-meta/-/iron-meta-3.0.0-pre.25.tgz#c95c44cbda572b6753cea2f022f94c67d5f698a0"
    dependencies:
      "@polymer/polymer" "^3.0.0"
  
  "@polymer/iron-pages@^3.0.0-pre.21":
    version "3.0.0-pre.21"
    resolved "https://registry.yarnpkg.com/@polymer/iron-pages/-/iron-pages-3.0.0-pre.21.tgz#976c5d16542c80c8bedf948b0485423ccfa5d543"
    dependencies:
      "@polymer/iron-resizable-behavior" "^3.0.0-pre.21"
      "@polymer/iron-selector" "^3.0.0-pre.21"
      "@polymer/polymer" "^3.0.0"
  
  "@polymer/iron-resizable-behavior@^3.0.0-pre.18", "@polymer/iron-resizable-behavior@^3.0.0-pre.21":
    version "3.0.0-pre.21"
    resolved "https://registry.yarnpkg.com/@polymer/iron-resizable-behavior/-/iron-resizable-behavior-3.0.0-pre.21.tgz#839ab0f194fd85921146d80970afe29ba835b7d7"
    dependencies:
      "@polymer/polymer" "^3.0.0"
  
  "@polymer/iron-scroll-target-behavior@^3.0.0-pre.18":
    version "3.0.0-pre.21"
    resolved "https://registry.yarnpkg.com/@polymer/iron-scroll-target-behavior/-/iron-scroll-target-behavior-3.0.0-pre.21.tgz#ff342713bb3c20ae46c4f2a96e24f371a39f5841"
    dependencies:
      "@polymer/polymer" "^3.0.0"
  
  "@polymer/iron-selector@^3.0.0-pre.21":
    version "3.0.0-pre.21"
    resolved "https://registry.yarnpkg.com/@polymer/iron-selector/-/iron-selector-3.0.0-pre.21.tgz#02532f772f5811a72bf3cb38776e3cc319288990"
    dependencies:
      "@polymer/polymer" "^3.0.0"
  
  "@polymer/iron-validatable-behavior@^3.0.0-pre.21":
    version "3.0.0-pre.21"
    resolved "https://registry.yarnpkg.com/@polymer/iron-validatable-behavior/-/iron-validatable-behavior-3.0.0-pre.21.tgz#3c26ed42c0221a1b34d3cfb39c4d1a3b68d67ffe"
    dependencies:
      "@polymer/iron-meta" "^3.0.0-pre.21"
      "@polymer/polymer" "^3.0.0"
  
  "@polymer/lit-element@0.6.0-dev.6", "@polymer/lit-element@^0.6.0-dev.6":
    version "0.6.0-dev.6"
    resolved "https://registry.yarnpkg.com/@polymer/lit-element/-/lit-element-0.6.0-dev.6.tgz#d60d01061300c8059d9dde3a9c14e03777b6a35d"
    dependencies:
      lit-html "^0.11.0"
  
  "@polymer/marked-element@^3.0.0-pre.21":
    version "3.0.0-pre.21"
    resolved "https://registry.yarnpkg.com/@polymer/marked-element/-/marked-element-3.0.0-pre.21.tgz#ce9d0c86e93c35226084ee736976bfd1005db9b0"
    dependencies:
      "@polymer/polymer" "^3.0.0"
      marked "~0.3.9"
  
  "@polymer/paper-input@^3.0.0-pre.21":
    version "3.0.0-pre.21"
    resolved "https://registry.yarnpkg.com/@polymer/paper-input/-/paper-input-3.0.0-pre.21.tgz#637ccb08c53604bf8334f8c0b7f764e509afb424"
    dependencies:
      "@polymer/iron-a11y-keys-behavior" "^3.0.0-pre.21"
      "@polymer/iron-autogrow-textarea" "^3.0.0-pre.21"
      "@polymer/iron-behaviors" "^3.0.0-pre.21"
      "@polymer/iron-form-element-behavior" "^3.0.0-pre.21"
      "@polymer/iron-input" "^3.0.0-pre.21"
      "@polymer/paper-styles" "^3.0.0-pre.21"
      "@polymer/polymer" "^3.0.0"
  
  "@polymer/paper-styles@^3.0.0-pre.21":
    version "3.0.0-pre.21"
    resolved "https://registry.yarnpkg.com/@polymer/paper-styles/-/paper-styles-3.0.0-pre.21.tgz#9406bdb3c22c3d132086fae50079d0b5bf5c0541"
    dependencies:
      "@polymer/font-roboto" "^3.0.0-pre.21"
      "@polymer/iron-flex-layout" "^3.0.0-pre.21"
      "@polymer/polymer" "^3.0.0"
  
  "@polymer/polymer@^3.0.0", "@polymer/polymer@^3.0.0-pre.13":
    version "3.0.2"
    resolved "https://registry.yarnpkg.com/@polymer/polymer/-/polymer-3.0.2.tgz#626e6f9fae9716b0962ce0211e21df242153eab2"
    dependencies:
      "@webcomponents/shadycss" "^1.2.0"
  
  "@polymer/prism-element@^3.0.0-pre.21":
    version "3.0.0-pre.21"
    resolved "https://registry.yarnpkg.com/@polymer/prism-element/-/prism-element-3.0.0-pre.21.tgz#221d742979a61b9167ccb88efe7e257803053623"
    dependencies:
      "@polymer/polymer" "^3.0.0"
      prismjs "^1.11.0"
  
  "@sdl-web/sdl-srch-bar@^1.0.14":
    version "1.0.14"
    resolved "https://registry.yarnpkg.com/@sdl-web/sdl-srch-bar/-/sdl-srch-bar-1.0.14.tgz#519b01e003e765413c521c479259fe844efc4bdd"
    dependencies:
      "@polymer/iron-ajax" "^3.0.0-pre.21"
      "@polymer/iron-form" "^3.0.0-pre.21"
      "@polymer/lit-element" "^0.6.0-dev.6"
      "@polymer/polymer" "^3.0.0-pre.13"
      jquery "^3.3.1"
  
  "@vaadin/vaadin-button@^2.1.0":
    version "2.1.0"
    resolved "https://registry.yarnpkg.com/@vaadin/vaadin-button/-/vaadin-button-2.1.0.tgz#b80b30066ccef6950737dc658857475dfd5f0622"
    dependencies:
      "@polymer/polymer" "^3.0.0"
      "@vaadin/vaadin-control-state-mixin" "^2.1.1"
      "@vaadin/vaadin-element-mixin" "^2.0.0"
      "@vaadin/vaadin-lumo-styles" "^1.1.0-beta1"
      "@vaadin/vaadin-material-styles" "^1.1.0-beta1"
      "@vaadin/vaadin-themable-mixin" "^1.2.1"
  
  "@vaadin/vaadin-checkbox@^2.2.0-beta2":
    version "2.2.0-beta2"
    resolved "https://registry.yarnpkg.com/@vaadin/vaadin-checkbox/-/vaadin-checkbox-2.2.0-beta2.tgz#ed55d1ca2b327d60c47ce8c09d7bffc2ffe09b3a"
    dependencies:
      "@polymer/polymer" "^3.0.0"
      "@vaadin/vaadin-control-state-mixin" "^2.1.1"
      "@vaadin/vaadin-element-mixin" "^1.1.2"
      "@vaadin/vaadin-lumo-styles" "^1.1.0-beta1"
      "@vaadin/vaadin-material-styles" "^1.1.0-beta1"
      "@vaadin/vaadin-themable-mixin" "^1.2.1"
  
  "@vaadin/vaadin-control-state-mixin@^2.1.1":
    version "2.1.1"
    resolved "https://registry.yarnpkg.com/@vaadin/vaadin-control-state-mixin/-/vaadin-control-state-mixin-2.1.1.tgz#39dab3105de15044408bd388ce7a8b20e608b509"
    dependencies:
      "@polymer/polymer" "^3.0.0"
  
  "@vaadin/vaadin-development-mode-detector@2.0.0", "@vaadin/vaadin-development-mode-detector@^2.0.0":
    version "2.0.0"
    resolved "https://registry.yarnpkg.com/@vaadin/vaadin-development-mode-detector/-/vaadin-development-mode-detector-2.0.0.tgz#69417cbf4a9f7427ec7b70b7dc8e0605a2f900b3"
  
  "@vaadin/vaadin-element-mixin@2.1.2", "@vaadin/vaadin-element-mixin@^1.1.2", "@vaadin/vaadin-element-mixin@^2.0.0":
    version "2.1.2"
    resolved "https://registry.yarnpkg.com/@vaadin/vaadin-element-mixin/-/vaadin-element-mixin-2.1.2.tgz#f34421cc81e6aa3fdf688f0ba26f4a6ae030ad5e"
    dependencies:
      "@polymer/polymer" "^3.0.0"
      "@vaadin/vaadin-development-mode-detector" "^2.0.0"
      "@vaadin/vaadin-usage-statistics" "^2.0.1"
  
  "@vaadin/vaadin-grid@^5.1.0-beta2":
    version "5.1.0-beta2"
    resolved "https://registry.yarnpkg.com/@vaadin/vaadin-grid/-/vaadin-grid-5.1.0-beta2.tgz#0d00d3f5e72fbab7928174282f9c18ff5a1bf6a5"
    dependencies:
      "@polymer/iron-a11y-announcer" "^3.0.0-pre.18"
      "@polymer/iron-a11y-keys-behavior" "^3.0.0-pre.18"
      "@polymer/iron-resizable-behavior" "^3.0.0-pre.18"
      "@polymer/iron-scroll-target-behavior" "^3.0.0-pre.18"
      "@polymer/polymer" "^3.0.0"
      "@vaadin/vaadin-checkbox" "^2.2.0-beta2"
      "@vaadin/vaadin-element-mixin" "^1.1.2"
      "@vaadin/vaadin-lumo-styles" "^1.1.0-beta1"
      "@vaadin/vaadin-material-styles" "^1.1.0-beta1"
      "@vaadin/vaadin-text-field" "^2.1.0-beta2"
      "@vaadin/vaadin-themable-mixin" "^1.2.1"
  
  "@vaadin/vaadin-icons@^4.2.0":
    version "4.2.0"
    resolved "https://registry.yarnpkg.com/@vaadin/vaadin-icons/-/vaadin-icons-4.2.0.tgz#6134a32532d9a93048f72ed9b7c95be21ba27f26"
    dependencies:
      "@polymer/iron-icon" "^3.0.0-pre.18"
      "@polymer/iron-iconset-svg" "^3.0.0-pre.18"
      "@polymer/polymer" "^3.0.0"
  
  "@vaadin/vaadin-item@^2.1.0-beta2":
    version "2.1.0-beta2"
    resolved "https://registry.yarnpkg.com/@vaadin/vaadin-item/-/vaadin-item-2.1.0-beta2.tgz#7ca526b3e62fe27f4797a0347843a836914a085b"
    dependencies:
      "@polymer/polymer" "^3.0.0"
      "@vaadin/vaadin-lumo-styles" "^1.1.0-beta1"
      "@vaadin/vaadin-material-styles" "^1.1.0-beta1"
      "@vaadin/vaadin-themable-mixin" "^1.2.1"
  
  "@vaadin/vaadin-list-mixin@^2.1.0-beta1":
    version "2.1.0-beta1"
    resolved "https://registry.yarnpkg.com/@vaadin/vaadin-list-mixin/-/vaadin-list-mixin-2.1.0-beta1.tgz#a9aa840d5e4a278c2ed7d7b00661d4dc17af780f"
    dependencies:
      "@polymer/polymer" "^3.0.0"
  
  "@vaadin/vaadin-lumo-styles@^1.1.0-beta1":
    version "1.1.0-beta1"
    resolved "https://registry.yarnpkg.com/@vaadin/vaadin-lumo-styles/-/vaadin-lumo-styles-1.1.0-beta1.tgz#aa9a979ace8a250c3ff2097b9278ec70ea3c1ef1"
    dependencies:
      "@polymer/iron-icon" "^3.0.0-pre.18"
      "@polymer/iron-iconset-svg" "^3.0.0-pre.18"
      "@polymer/polymer" "^3.0.0"
  
  "@vaadin/vaadin-material-styles@^1.1.0-beta1":
    version "1.1.0-beta1"
    resolved "https://registry.yarnpkg.com/@vaadin/vaadin-material-styles/-/vaadin-material-styles-1.1.0-beta1.tgz#c9985f0d7818d3d9a61c19fb4807625358f6696c"
    dependencies:
      "@polymer/polymer" "^3.0.0"
  
  "@vaadin/vaadin-tabs@^2.1.0-beta2":
    version "2.1.0-beta2"
    resolved "https://registry.yarnpkg.com/@vaadin/vaadin-tabs/-/vaadin-tabs-2.1.0-beta2.tgz#b68b04810782ea997d3a8a6d0a3903ef184782d4"
    dependencies:
      "@polymer/iron-resizable-behavior" "^3.0.0-pre.18"
      "@polymer/polymer" "^3.0.0"
      "@vaadin/vaadin-element-mixin" "^1.1.2"
      "@vaadin/vaadin-item" "^2.1.0-beta2"
      "@vaadin/vaadin-list-mixin" "^2.1.0-beta1"
      "@vaadin/vaadin-lumo-styles" "^1.1.0-beta1"
      "@vaadin/vaadin-material-styles" "^1.1.0-beta1"
      "@vaadin/vaadin-themable-mixin" "^1.2.1"
  
  "@vaadin/vaadin-text-field@^2.1.0-beta2":
    version "2.1.0-beta2"
    resolved "https://registry.yarnpkg.com/@vaadin/vaadin-text-field/-/vaadin-text-field-2.1.0-beta2.tgz#d25452902741f5d6c62ee3181686635e69e6ad7d"
    dependencies:
      "@polymer/polymer" "^3.0.0"
      "@vaadin/vaadin-control-state-mixin" "^2.1.1"
      "@vaadin/vaadin-element-mixin" "^1.1.2"
      "@vaadin/vaadin-lumo-styles" "^1.1.0-beta1"
      "@vaadin/vaadin-material-styles" "^1.1.0-beta1"
      "@vaadin/vaadin-themable-mixin" "^1.2.1"
  
  "@vaadin/vaadin-themable-mixin@^1.2.1":
    version "1.2.1"
    resolved "https://registry.yarnpkg.com/@vaadin/vaadin-themable-mixin/-/vaadin-themable-mixin-1.2.1.tgz#4dd07f3da31a4ef6bb2b51a3a91621c60eac28c6"
    dependencies:
      "@polymer/polymer" "^3.0.0"
  
  "@vaadin/vaadin-usage-statistics@2.0.1", "@vaadin/vaadin-usage-statistics@^2.0.1":
    version "2.0.1"
    resolved "https://registry.yarnpkg.com/@vaadin/vaadin-usage-statistics/-/vaadin-usage-statistics-2.0.1.tgz#277e880c901521f8b763ed0f16ca6900ac6a9f43"
    dependencies:
      "@vaadin/vaadin-development-mode-detector" "^2.0.0"
  
  "@webcomponents/shadycss@^1.2.0":
    version "1.3.5"
    resolved "https://registry.yarnpkg.com/@webcomponents/shadycss/-/shadycss-1.3.5.tgz#b19b45604811e428f7030d8710eebd4da0c6a353"
  
  "@webcomponents/webcomponentsjs@^2.0.2":
    version "2.0.3"
    resolved "https://registry.yarnpkg.com/@webcomponents/webcomponentsjs/-/webcomponentsjs-2.0.3.tgz#5988527650d24e6bf2e40c7af4f7ca54141afbde"
  
  clipboard@^2.0.0:
    version "2.0.1"
    resolved "https://registry.yarnpkg.com/clipboard/-/clipboard-2.0.1.tgz#a12481e1c13d8a50f5f036b0560fe5d16d74e46a"
    dependencies:
      good-listener "^1.2.2"
      select "^1.1.2"
      tiny-emitter "^2.0.0"
  
  delegate@^3.1.2:
    version "3.2.0"
    resolved "https://registry.yarnpkg.com/delegate/-/delegate-3.2.0.tgz#b66b71c3158522e8ab5744f720d8ca0c2af59166"
  
  good-listener@^1.2.2:
    version "1.2.2"
    resolved "https://registry.yarnpkg.com/good-listener/-/good-listener-1.2.2.tgz#d53b30cdf9313dffb7dc9a0d477096aa6d145c50"
    dependencies:
      delegate "^3.1.2"
  
  jquery@^3.3.1:
    version "3.3.1"
    resolved "https://registry.yarnpkg.com/jquery/-/jquery-3.3.1.tgz#958ce29e81c9790f31be7792df5d4d95fc57fbca"
  
  lit-html@0.11.1, lit-html@^0.11.0:
    version "0.11.1"
    resolved "https://registry.yarnpkg.com/lit-html/-/lit-html-0.11.1.tgz#ad3dcfea1dbaf65fadf335fa1e2bd9ac19255394"
  
  marked@~0.3.9:
    version "0.3.19"
    resolved "https://registry.yarnpkg.com/marked/-/marked-0.3.19.tgz#5d47f709c4c9fc3c216b6d46127280f40b39d790"
  
  prismjs@^1.11.0:
    version "1.15.0"
    resolved "https://registry.yarnpkg.com/prismjs/-/prismjs-1.15.0.tgz#8801d332e472091ba8def94976c8877ad60398d9"
    optionalDependencies:
      clipboard "^2.0.0"
  
  select@^1.1.2:
    version "1.1.2"
    resolved "https://registry.yarnpkg.com/select/-/select-1.1.2.tgz#0e7350acdec80b1108528786ec1d4418d11b396d"
  
  tiny-emitter@^2.0.0:
    version "2.0.2"
    resolved "https://registry.yarnpkg.com/tiny-emitter/-/tiny-emitter-2.0.2.tgz#82d27468aca5ade8e5fd1e6d22b57dd43ebdfb7c"
